빌드 시작: 2015-02-09 오후 7:56:34
     1>3 노드의 "C:\Users\MIN\Documents\GitHub\QRmaze\QRmaze\proj.win32\QRmaze.vcxproj" 프로젝트(Build 대상)입니다.
     1>ClCompile:
         C:\Program Files (x86)\Microsoft Visual Studio 12.0\VC\bin\CL.exe /c /IC:\Users\MIN\Documents\GitHub\QRmaze\QRmaze\cocos2d\cocos\2d\..\..\cocos\audio\include /IC:\Users\MIN\Documents\GitHub\QRmaze\QRmaze\cocos2d\cocos\2d\..\..\external /IC:\Users\MIN\Documents\GitHub\QRmaze\QRmaze\cocos2d\cocos\2d\..\..\external\chipmunk\include\chipmunk /IC:\Users\MIN\Documents\GitHub\QRmaze\QRmaze\cocos2d\cocos\2d\..\..\extensions /I..\Classes /I.. /I"C:\Users\MIN\Documents\GitHub\QRmaze\QRmaze\cocos2d\cocos\2d\..\..\cocos\editor-support" /IC:\Users\MIN\Documents\GitHub\QRmaze\QRmaze\cocos2d\cocos\2d\..\..\cocos /IC:\Users\MIN\Documents\GitHub\QRmaze\QRmaze\cocos2d\cocos\2d\..\..\cocos\platform /IC:\Users\MIN\Documents\GitHub\QRmaze\QRmaze\cocos2d\cocos\2d\..\..\cocos\platform\desktop /IC:\Users\MIN\Documents\GitHub\QRmaze\QRmaze\cocos2d\cocos\2d\..\..\external\glfw3\include\win32 /I"C:\Users\MIN\Documents\GitHub\QRmaze\QRmaze\cocos2d\cocos\2d\..\..\external\win32-specific\gles\include\OGLES" /ZI /nologo /W3 /WX- /MP /Od /Oy- /D WIN32 /D _DEBUG /D _WINDOWS /D _USE_MATH_DEFINES /D GL_GLEXT_PROTOTYPES /D CC_ENABLE_CHIPMUNK_INTEGRATION=1 /D COCOS2D_DEBUG=1 /D _CRT_SECURE_NO_WARNINGS /D _SCL_SECURE_NO_WARNINGS /D _VARIADIC_MAX=10 /D _UNICODE /D UNICODE /Gm- /EHsc /RTC1 /MDd /GS /fp:precise /Zc:wchar_t /Zc:forScope /Fo"Debug.win32\\" /Fd"Debug.win32\vc120.pdb" /Gd /TP /wd4267 /wd4251 /wd4244 /analyze- /errorReport:prompt ..\Classes\AppDelegate.cpp ..\Classes\HelloWorldScene.cpp main.cpp
         AppDelegate.cpp
         HelloWorldScene.cpp
         main.cpp
     1>c:\users\min\documents\github\qrmaze\qrmaze\cocos2d\cocos\base\ccutf8.h : warning C4819: 현재 코드 페이지(949)에서 표시할 수 없는 문자가 파일에 들어 있습니다. 데이터가 손실되지 않게 하려면 해당 파일을 유니코드 형식으로 저장하십시오. (main.cpp)
     1>c:\users\min\documents\github\qrmaze\qrmaze\cocos2d\cocos\physics\ccphysicsbody.h : warning C4819: 현재 코드 페이지(949)에서 표시할 수 없는 문자가 파일에 들어 있습니다. 데이터가 손실되지 않게 하려면 해당 파일을 유니코드 형식으로 저장하십시오. (main.cpp)
     1>c:\users\min\documents\github\qrmaze\qrmaze\cocos2d\cocos\physics\ccphysicsshape.h : warning C4819: 현재 코드 페이지(949)에서 표시할 수 없는 문자가 파일에 들어 있습니다. 데이터가 손실되지 않게 하려면 해당 파일을 유니코드 형식으로 저장하십시오. (main.cpp)
     1>c:\users\min\documents\github\qrmaze\qrmaze\cocos2d\cocos\platform\ccsaxparser.h : warning C4819: 현재 코드 페이지(949)에서 표시할 수 없는 문자가 파일에 들어 있습니다. 데이터가 손실되지 않게 하려면 해당 파일을 유니코드 형식으로 저장하십시오. (main.cpp)
     1>c:\users\min\documents\github\qrmaze\qrmaze\cocos2d\cocos\base\ccutf8.h : warning C4819: 현재 코드 페이지(949)에서 표시할 수 없는 문자가 파일에 들어 있습니다. 데이터가 손실되지 않게 하려면 해당 파일을 유니코드 형식으로 저장하십시오. (..\Classes\AppDelegate.cpp)
     1>c:\users\min\documents\github\qrmaze\qrmaze\cocos2d\cocos\base\ccutf8.h : warning C4819: 현재 코드 페이지(949)에서 표시할 수 없는 문자가 파일에 들어 있습니다. 데이터가 손실되지 않게 하려면 해당 파일을 유니코드 형식으로 저장하십시오. (..\Classes\HelloWorldScene.cpp)
     1>c:\users\min\documents\github\qrmaze\qrmaze\cocos2d\cocos\physics\ccphysicsbody.h : warning C4819: 현재 코드 페이지(949)에서 표시할 수 없는 문자가 파일에 들어 있습니다. 데이터가 손실되지 않게 하려면 해당 파일을 유니코드 형식으로 저장하십시오. (..\Classes\AppDelegate.cpp)
     1>c:\users\min\documents\github\qrmaze\qrmaze\cocos2d\cocos\physics\ccphysicsshape.h : warning C4819: 현재 코드 페이지(949)에서 표시할 수 없는 문자가 파일에 들어 있습니다. 데이터가 손실되지 않게 하려면 해당 파일을 유니코드 형식으로 저장하십시오. (..\Classes\AppDelegate.cpp)
     1>c:\users\min\documents\github\qrmaze\qrmaze\cocos2d\cocos\physics\ccphysicsbody.h : warning C4819: 현재 코드 페이지(949)에서 표시할 수 없는 문자가 파일에 들어 있습니다. 데이터가 손실되지 않게 하려면 해당 파일을 유니코드 형식으로 저장하십시오. (..\Classes\HelloWorldScene.cpp)
     1>c:\users\min\documents\github\qrmaze\qrmaze\cocos2d\cocos\physics\ccphysicsshape.h : warning C4819: 현재 코드 페이지(949)에서 표시할 수 없는 문자가 파일에 들어 있습니다. 데이터가 손실되지 않게 하려면 해당 파일을 유니코드 형식으로 저장하십시오. (..\Classes\HelloWorldScene.cpp)
     1>c:\users\min\documents\github\qrmaze\qrmaze\cocos2d\cocos\platform\ccsaxparser.h : warning C4819: 현재 코드 페이지(949)에서 표시할 수 없는 문자가 파일에 들어 있습니다. 데이터가 손실되지 않게 하려면 해당 파일을 유니코드 형식으로 저장하십시오. (..\Classes\AppDelegate.cpp)
     1>c:\users\min\documents\github\qrmaze\qrmaze\cocos2d\cocos\platform\ccsaxparser.h : warning C4819: 현재 코드 페이지(949)에서 표시할 수 없는 문자가 파일에 들어 있습니다. 데이터가 손실되지 않게 하려면 해당 파일을 유니코드 형식으로 저장하십시오. (..\Classes\HelloWorldScene.cpp)
       ResourceCompile:
         C:\Program Files (x86)\Windows Kits\8.1\bin\x86\rc.exe /D _UNICODE /D UNICODE /l"0x0409" /nologo /fo"Debug.win32\game.res" game.rc 
       PreLinkEvent:
         if not exist "C:\Users\MIN\Documents\GitHub\QRmaze\QRmaze\proj.win32\Debug.win32\" mkdir "C:\Users\MIN\Documents\GitHub\QRmaze\QRmaze\proj.win32\Debug.win32\"
         xcopy /Y /Q "C:\Users\MIN\Documents\GitHub\QRmaze\QRmaze\cocos2d\cocos\2d\..\..\external\websockets\prebuilt\win32\*.*" "C:\Users\MIN\Documents\GitHub\QRmaze\QRmaze\proj.win32\Debug.win32\"
         :VCEnd
         2개 파일이 복사되었습니다.
       Link:
         C:\Program Files (x86)\Microsoft Visual Studio 12.0\VC\bin\link.exe /ERRORREPORT:PROMPT /OUT:"C:\Users\MIN\Documents\GitHub\QRmaze\QRmaze\proj.win32\Debug.win32\QRmaze.exe" /INCREMENTAL /NOLOGO /LIBPATH:C:\Users\MIN\Documents\GitHub\QRmaze\QRmaze\proj.win32\Debug.win32\ /LIBPATH:C:\Users\MIN\Documents\GitHub\QRmaze\QRmaze\proj.win32\Debug.win32\ opengl32.lib glew32.lib libzlib.lib libpng.lib libjpeg.lib libtiff.lib libwebp.lib libiconv.lib glfw3.lib freetype250.lib winmm.lib ws2_32.lib libchipmunk.lib libbox2d.lib libSpine.lib kernel32.lib user32.lib gdi32.lib winspool.lib comdlg32.lib advapi32.lib shell32.lib ole32.lib oleaut32.lib uuid.lib odbc32.lib odbccp32.lib /MANIFEST /MANIFESTUAC:"level='asInvoker' uiAccess='false'" /manifest:embed /DEBUG /PDB:"C:\Users\MIN\Documents\GitHub\QRmaze\QRmaze\proj.win32\Debug.win32\QRmaze.pdb" /SUBSYSTEM:WINDOWS /TLBID:1 /DYNAMICBASE /NXCOMPAT /IMPLIB:"C:\Users\MIN\Documents\GitHub\QRmaze\QRmaze\proj.win32\Debug.win32\QRmaze.lib" /MACHINE:X86 /SAFESEH Debug.win32\game.res
         Debug.win32\AppDelegate.obj
         Debug.win32\HelloWorldScene.obj
         Debug.win32\main.obj
         C:\Users\MIN\Documents\GitHub\QRmaze\QRmaze\proj.win32\Debug.win32\libcocos2d.lib
         C:\Users\MIN\Documents\GitHub\QRmaze\QRmaze\proj.win32\Debug.win32\libSpine.lib
         C:\Users\MIN\Documents\GitHub\QRmaze\QRmaze\proj.win32\Debug.win32\libbox2d.lib
     1>AppDelegate.obj : warning LNK4075: '/EDITANDCONTINUE'이(가) '/SAFESEH' 사양으로 인해 무시됩니다.
            C:\Users\MIN\Documents\GitHub\QRmaze\QRmaze\proj.win32\Debug.win32\QRmaze.lib 라이브러리 및 C:\Users\MIN\Documents\GitHub\QRmaze\QRmaze\proj.win32\Debug.win32\QRmaze.exp 개체를 생성하고 있습니다.
         QRmaze.vcxproj -> C:\Users\MIN\Documents\GitHub\QRmaze\QRmaze\proj.win32\Debug.win32\QRmaze.exe
     1>"C:\Users\MIN\Documents\GitHub\QRmaze\QRmaze\proj.win32\QRmaze.vcxproj" 프로젝트를 빌드했습니다(Build 대상).

빌드했습니다.

경과 시간: 00:00:06.99
